------------------------------------------------------------------------------------------------------------------------

[2017-10-31 16:13:21 #1 type] 
Type tp4.Proces is not enhanced.

[2017-10-31 16:13:21 #2 type] 
Type tp4.Partie is not enhanced.

[2017-10-31 16:13:21 #3 type] 
Type tp4.Juge is not enhanced.

[2017-10-31 16:13:21 #4 type] 
Type tp4.Avocat is not enhanced.

[2017-10-31 16:13:21 #5 type] 
Type tp4.Seance is not enhanced.

[2017-10-31 16:13:21 #6 type] 
Type tp4.Jury is not enhanced.

------------------------------------------------------------------------------------------------------------------------

[2017-10-31 16:14:08 #1 type] 
Type tp4.Proces is not enhanced.

[2017-10-31 16:14:08 #2 type] 
Type tp4.Partie is not enhanced.

[2017-10-31 16:14:08 #3 type] 
Type tp4.Juge is not enhanced.

[2017-10-31 16:14:08 #4 type] 
Type tp4.Avocat is not enhanced.

[2017-10-31 16:14:08 #5 type] 
Type tp4.Seance is not enhanced.

[2017-10-31 16:14:08 #6 type] 
Type tp4.Jury is not enhanced.

------------------------------------------------------------------------------------------------------------------------

[2017-10-31 16:15:44 #1 type] 
Type tp4.Proces is not enhanced.

[2017-10-31 16:15:44 #2 type] 
Type tp4.Partie is not enhanced.

[2017-10-31 16:15:44 #3 type] 
Type tp4.Juge is not enhanced.

[2017-10-31 16:15:44 #4 type] 
Type tp4.Avocat is not enhanced.

[2017-10-31 16:15:44 #5 type] 
Type tp4.Seance is not enhanced.

[2017-10-31 16:15:44 #6 type] 
Type tp4.Jury is not enhanced.

------------------------------------------------------------------------------------------------------------------------

[2017-10-31 16:15:53 #1 type] 
Type tp4.Proces is not enhanced.

[2017-10-31 16:15:53 #2 type] 
Type tp4.Partie is not enhanced.

[2017-10-31 16:15:53 #3 type] 
Type tp4.Juge is not enhanced.

[2017-10-31 16:15:53 #4 type] 
Type tp4.Avocat is not enhanced.

[2017-10-31 16:15:53 #5 type] 
Type tp4.Seance is not enhanced.

[2017-10-31 16:15:53 #6 type] 
Type tp4.Jury is not enhanced.

------------------------------------------------------------------------------------------------------------------------

[2017-10-31 16:15:59 #1 type] 
Type tp4.Proces is not enhanced.

[2017-10-31 16:15:59 #2 type] 
Type tp4.Partie is not enhanced.

[2017-10-31 16:15:59 #3 type] 
Type tp4.Juge is not enhanced.

[2017-10-31 16:15:59 #4 type] 
Type tp4.Avocat is not enhanced.

[2017-10-31 16:15:59 #5 type] 
Type tp4.Seance is not enhanced.

[2017-10-31 16:15:59 #6 type] 
Type tp4.Jury is not enhanced.

------------------------------------------------------------------------------------------------------------------------

[2017-10-31 16:16:55 #1 type] 
Type tp4.Proces is not enhanced.

[2017-10-31 16:16:55 #2 type] 
Type tp4.Partie is not enhanced.

[2017-10-31 16:16:55 #3 type] 
Type tp4.Juge is not enhanced.

[2017-10-31 16:16:55 #4 type] 
Type tp4.Avocat is not enhanced.

[2017-10-31 16:16:55 #5 type] 
Type tp4.Seance is not enhanced.

[2017-10-31 16:16:55 #6 type] 
Type tp4.Jury is not enhanced.

------------------------------------------------------------------------------------------------------------------------

[2017-10-31 16:19:50 #1 type] 
Type tp4.Proces is not enhanced.

[2017-10-31 16:19:50 #2 type] 
Type tp4.Partie is not enhanced.

[2017-10-31 16:19:50 #3 type] 
Type tp4.Juge is not enhanced.

[2017-10-31 16:19:50 #4 type] 
Type tp4.Avocat is not enhanced.

[2017-10-31 16:19:50 #5 type] 
Type tp4.Seance is not enhanced.

[2017-10-31 16:19:50 #6 type] 
Type tp4.Jury is not enhanced.

------------------------------------------------------------------------------------------------------------------------

[2017-10-31 16:20:49 #1 type] 
Type tp4.Proces is not enhanced.

[2017-10-31 16:20:49 #2 type] 
Type tp4.Partie is not enhanced.

[2017-10-31 16:20:49 #3 type] 
Type tp4.Juge is not enhanced.

[2017-10-31 16:20:49 #4 type] 
Type tp4.Avocat is not enhanced.

[2017-10-31 16:20:49 #5 type] 
Type tp4.Seance is not enhanced.

[2017-10-31 16:20:49 #6 type] 
Type tp4.Jury is not enhanced.

------------------------------------------------------------------------------------------------------------------------

[2017-10-31 16:31:07 #1 type] 
Type tp4.Proces is not enhanced.

[2017-10-31 16:31:07 #2 type] 
Type tp4.Partie is not enhanced.

[2017-10-31 16:31:07 #3 type] 
Type tp4.Juge is not enhanced.

[2017-10-31 16:31:07 #4 type] 
Type tp4.Avocat is not enhanced.

[2017-10-31 16:31:07 #5 type] 
Type tp4.Seance is not enhanced.

[2017-10-31 16:31:07 #6 type] 
Type tp4.Jury is not enhanced.

------------------------------------------------------------------------------------------------------------------------

[2017-10-31 16:36:22 #1 type] 
Type tp4.Proces is not enhanced.

[2017-10-31 16:36:22 #2 type] 
Type tp4.Partie is not enhanced.

[2017-10-31 16:36:22 #3 type] 
Type tp4.Juge is not enhanced.

[2017-10-31 16:36:22 #4 type] 
Type tp4.Avocat is not enhanced.

[2017-10-31 16:36:22 #5 type] 
Type tp4.Seance is not enhanced.

[2017-10-31 16:36:22 #6 type] 
Type tp4.Jury is not enhanced.

------------------------------------------------------------------------------------------------------------------------

[2017-10-31 16:37:00 #1 type] 
Type tp4.Proces is not enhanced.

[2017-10-31 16:37:00 #2 type] 
Type tp4.Partie is not enhanced.

[2017-10-31 16:37:00 #3 type] 
Type tp4.Juge is not enhanced.

[2017-10-31 16:37:00 #4 type] 
Type tp4.Avocat is not enhanced.

[2017-10-31 16:37:00 #5 type] 
Type tp4.Seance is not enhanced.

[2017-10-31 16:37:00 #6 type] 
Type tp4.Jury is not enhanced.

[2017-10-31 16:37:01 #7 client] 
java.lang.NullPointerException
	at com.objectdb.o.VAR.S(VAR.java:297)
	at com.objectdb.o.VAR.R(VAR.java:259)
	at com.objectdb.o.VAR.aq(VAR.java:637)
	at com.objectdb.o.QNF.C(QNF.java:1102)
	at com.objectdb.o.QNF.C(QNF.java:996)
	at com.objectdb.o.QNF.z(QNF.java:788)
	at com.objectdb.o.QNF.k(QNF.java:257)
	at com.objectdb.o.QNF.q(QNF.java:517)
	at com.objectdb.o.QNF.k(QNF.java:188)
	at com.objectdb.o.QNF.j(QNF.java:134)
	at com.objectdb.o.QRC.D(QRC.java:348)
	at com.objectdb.o.QRC.z(QRC.java:237)
	at com.objectdb.o.QRC.y(QRC.java:188)
	at com.objectdb.o.QRM.U9(QRM.java:272)
	at com.objectdb.o.MST.U9(MST.java:988)
	at com.objectdb.o.WRA.U9(WRA.java:311)
	at com.objectdb.o.WSM.U9(WSM.java:115)
	at com.objectdb.o.STC.s(STC.java:464)
	at com.objectdb.o.SHN.aj(SHN.java:489)
	at com.objectdb.o.SHN.K(SHN.java:155)
	at com.objectdb.o.HND.run(HND.java:133)
	at java.lang.Thread.run(Thread.java:748)

[2017-10-31 16:37:01 #8 *] 
java.lang.NullPointerException
	at com.objectdb.o.VAR.S(VAR.java:297)
	at com.objectdb.o.VAR.R(VAR.java:259)
	at com.objectdb.o.VAR.aq(VAR.java:637)
	at com.objectdb.o.QNF.C(QNF.java:1102)
	at com.objectdb.o.QNF.C(QNF.java:996)
	at com.objectdb.o.QNF.z(QNF.java:788)
	at com.objectdb.o.QNF.k(QNF.java:257)
	at com.objectdb.o.QNF.q(QNF.java:517)
	at com.objectdb.o.QNF.k(QNF.java:188)
	at com.objectdb.o.QNF.j(QNF.java:134)
	at com.objectdb.o.QRC.D(QRC.java:348)
	at com.objectdb.o.QRC.z(QRC.java:237)
	at com.objectdb.o.QRC.y(QRC.java:188)
	at com.objectdb.o.QRM.U9(QRM.java:272)
	at com.objectdb.o.MST.U9(MST.java:988)
	at com.objectdb.o.WRA.U9(WRA.java:311)
	at com.objectdb.o.WSM.U9(WSM.java:115)
	at com.objectdb.o.STC.s(STC.java:464)
	at com.objectdb.o.SHN.aj(SHN.java:489)
	at com.objectdb.o.SHN.K(SHN.java:155)
	at com.objectdb.o.HND.run(HND.java:133)
	at java.lang.Thread.run(Thread.java:748)

[2017-10-31 16:37:01 #9 client] 
java.lang.NullPointerException
	at com.objectdb.o.VAR.S(VAR.java:297)
	at com.objectdb.o.VAR.R(VAR.java:259)
	at com.objectdb.o.VAR.aq(VAR.java:637)
	at com.objectdb.o.QNF.C(QNF.java:1102)
	at com.objectdb.o.QNF.C(QNF.java:996)
	at com.objectdb.o.QNF.z(QNF.java:788)
	at com.objectdb.o.QNF.k(QNF.java:257)
	at com.objectdb.o.QNF.q(QNF.java:517)
	at com.objectdb.o.QNF.k(QNF.java:188)
	at com.objectdb.o.QNF.j(QNF.java:134)
	at com.objectdb.o.QRC.D(QRC.java:348)
	at com.objectdb.o.QRC.z(QRC.java:237)
	at com.objectdb.o.QRC.y(QRC.java:188)
	at com.objectdb.o.QRM.U9(QRM.java:272)
	at com.objectdb.o.MST.U9(MST.java:988)
	at com.objectdb.o.WRA.U9(WRA.java:311)
	at com.objectdb.o.WSM.U9(WSM.java:115)
	at com.objectdb.o.STC.s(STC.java:464)
	at com.objectdb.o.SHN.aj(SHN.java:489)
	at com.objectdb.o.SHN.K(SHN.java:155)
	at com.objectdb.o.HND.run(HND.java:133)
	at java.lang.Thread.run(Thread.java:748)

[2017-10-31 16:37:01 #10 *] 
java.lang.NullPointerException
	at com.objectdb.o.VAR.S(VAR.java:297)
	at com.objectdb.o.VAR.R(VAR.java:259)
	at com.objectdb.o.VAR.aq(VAR.java:637)
	at com.objectdb.o.QNF.C(QNF.java:1102)
	at com.objectdb.o.QNF.C(QNF.java:996)
	at com.objectdb.o.QNF.z(QNF.java:788)
	at com.objectdb.o.QNF.k(QNF.java:257)
	at com.objectdb.o.QNF.q(QNF.java:517)
	at com.objectdb.o.QNF.k(QNF.java:188)
	at com.objectdb.o.QNF.j(QNF.java:134)
	at com.objectdb.o.QRC.D(QRC.java:348)
	at com.objectdb.o.QRC.z(QRC.java:237)
	at com.objectdb.o.QRC.y(QRC.java:188)
	at com.objectdb.o.QRM.U9(QRM.java:272)
	at com.objectdb.o.MST.U9(MST.java:988)
	at com.objectdb.o.WRA.U9(WRA.java:311)
	at com.objectdb.o.WSM.U9(WSM.java:115)
	at com.objectdb.o.STC.s(STC.java:464)
	at com.objectdb.o.SHN.aj(SHN.java:489)
	at com.objectdb.o.SHN.K(SHN.java:155)
	at com.objectdb.o.HND.run(HND.java:133)
	at java.lang.Thread.run(Thread.java:748)

[2017-10-31 16:37:02 #11 client] 
java.lang.NullPointerException
	at com.objectdb.o.VAR.S(VAR.java:297)
	at com.objectdb.o.VAR.R(VAR.java:259)
	at com.objectdb.o.VAR.aq(VAR.java:637)
	at com.objectdb.o.QNF.C(QNF.java:1102)
	at com.objectdb.o.QNF.C(QNF.java:996)
	at com.objectdb.o.QNF.z(QNF.java:788)
	at com.objectdb.o.QNF.k(QNF.java:257)
	at com.objectdb.o.QNF.q(QNF.java:517)
	at com.objectdb.o.QNF.k(QNF.java:188)
	at com.objectdb.o.QNF.j(QNF.java:134)
	at com.objectdb.o.QRC.D(QRC.java:348)
	at com.objectdb.o.QRC.z(QRC.java:237)
	at com.objectdb.o.QRC.y(QRC.java:188)
	at com.objectdb.o.QRM.U9(QRM.java:272)
	at com.objectdb.o.MST.U9(MST.java:988)
	at com.objectdb.o.WRA.U9(WRA.java:311)
	at com.objectdb.o.WSM.U9(WSM.java:115)
	at com.objectdb.o.STC.s(STC.java:464)
	at com.objectdb.o.SHN.aj(SHN.java:489)
	at com.objectdb.o.SHN.K(SHN.java:155)
	at com.objectdb.o.HND.run(HND.java:133)
	at java.lang.Thread.run(Thread.java:748)

[2017-10-31 16:37:02 #12 *] 
java.lang.NullPointerException
	at com.objectdb.o.VAR.S(VAR.java:297)
	at com.objectdb.o.VAR.R(VAR.java:259)
	at com.objectdb.o.VAR.aq(VAR.java:637)
	at com.objectdb.o.QNF.C(QNF.java:1102)
	at com.objectdb.o.QNF.C(QNF.java:996)
	at com.objectdb.o.QNF.z(QNF.java:788)
	at com.objectdb.o.QNF.k(QNF.java:257)
	at com.objectdb.o.QNF.q(QNF.java:517)
	at com.objectdb.o.QNF.k(QNF.java:188)
	at com.objectdb.o.QNF.j(QNF.java:134)
	at com.objectdb.o.QRC.D(QRC.java:348)
	at com.objectdb.o.QRC.z(QRC.java:237)
	at com.objectdb.o.QRC.y(QRC.java:188)
	at com.objectdb.o.QRM.U9(QRM.java:272)
	at com.objectdb.o.MST.U9(MST.java:988)
	at com.objectdb.o.WRA.U9(WRA.java:311)
	at com.objectdb.o.WSM.U9(WSM.java:115)
	at com.objectdb.o.STC.s(STC.java:464)
	at com.objectdb.o.SHN.aj(SHN.java:489)
	at com.objectdb.o.SHN.K(SHN.java:155)
	at com.objectdb.o.HND.run(HND.java:133)
	at java.lang.Thread.run(Thread.java:748)

[2017-10-31 16:37:03 #13 client] 
java.lang.NullPointerException
	at com.objectdb.o.VAR.S(VAR.java:297)
	at com.objectdb.o.VAR.R(VAR.java:259)
	at com.objectdb.o.VAR.aq(VAR.java:637)
	at com.objectdb.o.QNF.C(QNF.java:1102)
	at com.objectdb.o.QNF.C(QNF.java:996)
	at com.objectdb.o.QNF.z(QNF.java:788)
	at com.objectdb.o.QNF.k(QNF.java:257)
	at com.objectdb.o.QNF.q(QNF.java:517)
	at com.objectdb.o.QNF.k(QNF.java:188)
	at com.objectdb.o.QNF.j(QNF.java:134)
	at com.objectdb.o.QRC.D(QRC.java:348)
	at com.objectdb.o.QRC.z(QRC.java:237)
	at com.objectdb.o.QRC.y(QRC.java:188)
	at com.objectdb.o.QRM.U9(QRM.java:272)
	at com.objectdb.o.MST.U9(MST.java:988)
	at com.objectdb.o.WRA.U9(WRA.java:311)
	at com.objectdb.o.WSM.U9(WSM.java:115)
	at com.objectdb.o.STC.s(STC.java:464)
	at com.objectdb.o.SHN.aj(SHN.java:489)
	at com.objectdb.o.SHN.K(SHN.java:155)
	at com.objectdb.o.HND.run(HND.java:133)
	at java.lang.Thread.run(Thread.java:748)

[2017-10-31 16:37:03 #14 *] 
java.lang.NullPointerException
	at com.objectdb.o.VAR.S(VAR.java:297)
	at com.objectdb.o.VAR.R(VAR.java:259)
	at com.objectdb.o.VAR.aq(VAR.java:637)
	at com.objectdb.o.QNF.C(QNF.java:1102)
	at com.objectdb.o.QNF.C(QNF.java:996)
	at com.objectdb.o.QNF.z(QNF.java:788)
	at com.objectdb.o.QNF.k(QNF.java:257)
	at com.objectdb.o.QNF.q(QNF.java:517)
	at com.objectdb.o.QNF.k(QNF.java:188)
	at com.objectdb.o.QNF.j(QNF.java:134)
	at com.objectdb.o.QRC.D(QRC.java:348)
	at com.objectdb.o.QRC.z(QRC.java:237)
	at com.objectdb.o.QRC.y(QRC.java:188)
	at com.objectdb.o.QRM.U9(QRM.java:272)
	at com.objectdb.o.MST.U9(MST.java:988)
	at com.objectdb.o.WRA.U9(WRA.java:311)
	at com.objectdb.o.WSM.U9(WSM.java:115)
	at com.objectdb.o.STC.s(STC.java:464)
	at com.objectdb.o.SHN.aj(SHN.java:489)
	at com.objectdb.o.SHN.K(SHN.java:155)
	at com.objectdb.o.HND.run(HND.java:133)
	at java.lang.Thread.run(Thread.java:748)

[2017-10-31 16:37:04 #15 client] 
java.lang.NullPointerException
	at com.objectdb.o.VAR.S(VAR.java:297)
	at com.objectdb.o.VAR.R(VAR.java:259)
	at com.objectdb.o.VAR.aq(VAR.java:637)
	at com.objectdb.o.QNF.C(QNF.java:1102)
	at com.objectdb.o.QNF.C(QNF.java:996)
	at com.objectdb.o.QNF.z(QNF.java:788)
	at com.objectdb.o.QNF.k(QNF.java:257)
	at com.objectdb.o.QNF.q(QNF.java:517)
	at com.objectdb.o.QNF.k(QNF.java:188)
	at com.objectdb.o.QNF.j(QNF.java:134)
	at com.objectdb.o.QRC.D(QRC.java:348)
	at com.objectdb.o.QRC.z(QRC.java:237)
	at com.objectdb.o.QRC.y(QRC.java:188)
	at com.objectdb.o.QRM.U9(QRM.java:272)
	at com.objectdb.o.MST.U9(MST.java:988)
	at com.objectdb.o.WRA.U9(WRA.java:311)
	at com.objectdb.o.WSM.U9(WSM.java:115)
	at com.objectdb.o.STC.s(STC.java:464)
	at com.objectdb.o.SHN.aj(SHN.java:489)
	at com.objectdb.o.SHN.K(SHN.java:155)
	at com.objectdb.o.HND.run(HND.java:133)
	at java.lang.Thread.run(Thread.java:748)

[2017-10-31 16:37:04 #16 *] 
java.lang.NullPointerException
	at com.objectdb.o.VAR.S(VAR.java:297)
	at com.objectdb.o.VAR.R(VAR.java:259)
	at com.objectdb.o.VAR.aq(VAR.java:637)
	at com.objectdb.o.QNF.C(QNF.java:1102)
	at com.objectdb.o.QNF.C(QNF.java:996)
	at com.objectdb.o.QNF.z(QNF.java:788)
	at com.objectdb.o.QNF.k(QNF.java:257)
	at com.objectdb.o.QNF.q(QNF.java:517)
	at com.objectdb.o.QNF.k(QNF.java:188)
	at com.objectdb.o.QNF.j(QNF.java:134)
	at com.objectdb.o.QRC.D(QRC.java:348)
	at com.objectdb.o.QRC.z(QRC.java:237)
	at com.objectdb.o.QRC.y(QRC.java:188)
	at com.objectdb.o.QRM.U9(QRM.java:272)
	at com.objectdb.o.MST.U9(MST.java:988)
	at com.objectdb.o.WRA.U9(WRA.java:311)
	at com.objectdb.o.WSM.U9(WSM.java:115)
	at com.objectdb.o.STC.s(STC.java:464)
	at com.objectdb.o.SHN.aj(SHN.java:489)
	at com.objectdb.o.SHN.K(SHN.java:155)
	at com.objectdb.o.HND.run(HND.java:133)
	at java.lang.Thread.run(Thread.java:748)

[2017-10-31 16:37:04 #17 client] 
java.lang.NullPointerException
	at com.objectdb.o.VAR.S(VAR.java:297)
	at com.objectdb.o.VAR.R(VAR.java:259)
	at com.objectdb.o.VAR.aq(VAR.java:637)
	at com.objectdb.o.QNF.C(QNF.java:1102)
	at com.objectdb.o.QNF.C(QNF.java:996)
	at com.objectdb.o.QNF.z(QNF.java:788)
	at com.objectdb.o.QNF.k(QNF.java:257)
	at com.objectdb.o.QNF.q(QNF.java:517)
	at com.objectdb.o.QNF.k(QNF.java:188)
	at com.objectdb.o.QNF.j(QNF.java:134)
	at com.objectdb.o.QRC.D(QRC.java:348)
	at com.objectdb.o.QRC.z(QRC.java:237)
	at com.objectdb.o.QRC.y(QRC.java:188)
	at com.objectdb.o.QRM.U9(QRM.java:272)
	at com.objectdb.o.MST.U9(MST.java:988)
	at com.objectdb.o.WRA.U9(WRA.java:311)
	at com.objectdb.o.WSM.U9(WSM.java:115)
	at com.objectdb.o.STC.s(STC.java:464)
	at com.objectdb.o.SHN.aj(SHN.java:489)
	at com.objectdb.o.SHN.K(SHN.java:155)
	at com.objectdb.o.HND.run(HND.java:133)
	at java.lang.Thread.run(Thread.java:748)

[2017-10-31 16:37:04 #18 *] 
java.lang.NullPointerException
	at com.objectdb.o.VAR.S(VAR.java:297)
	at com.objectdb.o.VAR.R(VAR.java:259)
	at com.objectdb.o.VAR.aq(VAR.java:637)
	at com.objectdb.o.QNF.C(QNF.java:1102)
	at com.objectdb.o.QNF.C(QNF.java:996)
	at com.objectdb.o.QNF.z(QNF.java:788)
	at com.objectdb.o.QNF.k(QNF.java:257)
	at com.objectdb.o.QNF.q(QNF.java:517)
	at com.objectdb.o.QNF.k(QNF.java:188)
	at com.objectdb.o.QNF.j(QNF.java:134)
	at com.objectdb.o.QRC.D(QRC.java:348)
	at com.objectdb.o.QRC.z(QRC.java:237)
	at com.objectdb.o.QRC.y(QRC.java:188)
	at com.objectdb.o.QRM.U9(QRM.java:272)
	at com.objectdb.o.MST.U9(MST.java:988)
	at com.objectdb.o.WRA.U9(WRA.java:311)
	at com.objectdb.o.WSM.U9(WSM.java:115)
	at com.objectdb.o.STC.s(STC.java:464)
	at com.objectdb.o.SHN.aj(SHN.java:489)
	at com.objectdb.o.SHN.K(SHN.java:155)
	at com.objectdb.o.HND.run(HND.java:133)
	at java.lang.Thread.run(Thread.java:748)

------------------------------------------------------------------------------------------------------------------------

[2017-10-31 16:38:43 #1 type] 
Type tp4.Proces is not enhanced.

[2017-10-31 16:38:43 #2 type] 
Type tp4.Partie is not enhanced.

[2017-10-31 16:38:43 #3 type] 
Type tp4.Juge is not enhanced.

[2017-10-31 16:38:43 #4 type] 
Type tp4.Avocat is not enhanced.

[2017-10-31 16:38:43 #5 type] 
Type tp4.Seance is not enhanced.

[2017-10-31 16:38:43 #6 type] 
Type tp4.Jury is not enhanced.

[2017-10-31 16:38:44 #7 client] 
java.lang.NullPointerException
	at com.objectdb.o.VAR.S(VAR.java:297)
	at com.objectdb.o.VAR.R(VAR.java:259)
	at com.objectdb.o.VAR.aq(VAR.java:637)
	at com.objectdb.o.QNF.C(QNF.java:1102)
	at com.objectdb.o.QNF.C(QNF.java:996)
	at com.objectdb.o.QNF.z(QNF.java:788)
	at com.objectdb.o.QNF.k(QNF.java:257)
	at com.objectdb.o.QNF.q(QNF.java:517)
	at com.objectdb.o.QNF.k(QNF.java:188)
	at com.objectdb.o.QNF.j(QNF.java:134)
	at com.objectdb.o.QRC.D(QRC.java:348)
	at com.objectdb.o.QRC.z(QRC.java:237)
	at com.objectdb.o.QRC.y(QRC.java:188)
	at com.objectdb.o.QRM.U9(QRM.java:272)
	at com.objectdb.o.MST.U9(MST.java:988)
	at com.objectdb.o.WRA.U9(WRA.java:311)
	at com.objectdb.o.WSM.U9(WSM.java:115)
	at com.objectdb.o.STC.s(STC.java:464)
	at com.objectdb.o.SHN.aj(SHN.java:489)
	at com.objectdb.o.SHN.K(SHN.java:155)
	at com.objectdb.o.HND.run(HND.java:133)
	at java.lang.Thread.run(Thread.java:748)

[2017-10-31 16:38:44 #8 *] 
java.lang.NullPointerException
	at com.objectdb.o.VAR.S(VAR.java:297)
	at com.objectdb.o.VAR.R(VAR.java:259)
	at com.objectdb.o.VAR.aq(VAR.java:637)
	at com.objectdb.o.QNF.C(QNF.java:1102)
	at com.objectdb.o.QNF.C(QNF.java:996)
	at com.objectdb.o.QNF.z(QNF.java:788)
	at com.objectdb.o.QNF.k(QNF.java:257)
	at com.objectdb.o.QNF.q(QNF.java:517)
	at com.objectdb.o.QNF.k(QNF.java:188)
	at com.objectdb.o.QNF.j(QNF.java:134)
	at com.objectdb.o.QRC.D(QRC.java:348)
	at com.objectdb.o.QRC.z(QRC.java:237)
	at com.objectdb.o.QRC.y(QRC.java:188)
	at com.objectdb.o.QRM.U9(QRM.java:272)
	at com.objectdb.o.MST.U9(MST.java:988)
	at com.objectdb.o.WRA.U9(WRA.java:311)
	at com.objectdb.o.WSM.U9(WSM.java:115)
	at com.objectdb.o.STC.s(STC.java:464)
	at com.objectdb.o.SHN.aj(SHN.java:489)
	at com.objectdb.o.SHN.K(SHN.java:155)
	at com.objectdb.o.HND.run(HND.java:133)
	at java.lang.Thread.run(Thread.java:748)

[2017-10-31 16:38:44 #9 client] 
java.lang.NullPointerException
	at com.objectdb.o.VAR.S(VAR.java:297)
	at com.objectdb.o.VAR.R(VAR.java:259)
	at com.objectdb.o.VAR.aq(VAR.java:637)
	at com.objectdb.o.QNF.C(QNF.java:1102)
	at com.objectdb.o.QNF.C(QNF.java:996)
	at com.objectdb.o.QNF.z(QNF.java:788)
	at com.objectdb.o.QNF.k(QNF.java:257)
	at com.objectdb.o.QNF.q(QNF.java:517)
	at com.objectdb.o.QNF.k(QNF.java:188)
	at com.objectdb.o.QNF.j(QNF.java:134)
	at com.objectdb.o.QRC.D(QRC.java:348)
	at com.objectdb.o.QRC.z(QRC.java:237)
	at com.objectdb.o.QRC.y(QRC.java:188)
	at com.objectdb.o.QRM.U9(QRM.java:272)
	at com.objectdb.o.MST.U9(MST.java:988)
	at com.objectdb.o.WRA.U9(WRA.java:311)
	at com.objectdb.o.WSM.U9(WSM.java:115)
	at com.objectdb.o.STC.s(STC.java:464)
	at com.objectdb.o.SHN.aj(SHN.java:489)
	at com.objectdb.o.SHN.K(SHN.java:155)
	at com.objectdb.o.HND.run(HND.java:133)
	at java.lang.Thread.run(Thread.java:748)

[2017-10-31 16:38:44 #10 *] 
java.lang.NullPointerException
	at com.objectdb.o.VAR.S(VAR.java:297)
	at com.objectdb.o.VAR.R(VAR.java:259)
	at com.objectdb.o.VAR.aq(VAR.java:637)
	at com.objectdb.o.QNF.C(QNF.java:1102)
	at com.objectdb.o.QNF.C(QNF.java:996)
	at com.objectdb.o.QNF.z(QNF.java:788)
	at com.objectdb.o.QNF.k(QNF.java:257)
	at com.objectdb.o.QNF.q(QNF.java:517)
	at com.objectdb.o.QNF.k(QNF.java:188)
	at com.objectdb.o.QNF.j(QNF.java:134)
	at com.objectdb.o.QRC.D(QRC.java:348)
	at com.objectdb.o.QRC.z(QRC.java:237)
	at com.objectdb.o.QRC.y(QRC.java:188)
	at com.objectdb.o.QRM.U9(QRM.java:272)
	at com.objectdb.o.MST.U9(MST.java:988)
	at com.objectdb.o.WRA.U9(WRA.java:311)
	at com.objectdb.o.WSM.U9(WSM.java:115)
	at com.objectdb.o.STC.s(STC.java:464)
	at com.objectdb.o.SHN.aj(SHN.java:489)
	at com.objectdb.o.SHN.K(SHN.java:155)
	at com.objectdb.o.HND.run(HND.java:133)
	at java.lang.Thread.run(Thread.java:748)

[2017-10-31 16:38:45 #11 client] 
java.lang.NullPointerException
	at com.objectdb.o.VAR.S(VAR.java:297)
	at com.objectdb.o.VAR.R(VAR.java:259)
	at com.objectdb.o.VAR.aq(VAR.java:637)
	at com.objectdb.o.QNF.C(QNF.java:1102)
	at com.objectdb.o.QNF.C(QNF.java:996)
	at com.objectdb.o.QNF.z(QNF.java:788)
	at com.objectdb.o.QNF.k(QNF.java:257)
	at com.objectdb.o.QNF.q(QNF.java:517)
	at com.objectdb.o.QNF.k(QNF.java:188)
	at com.objectdb.o.QNF.j(QNF.java:134)
	at com.objectdb.o.QRC.D(QRC.java:348)
	at com.objectdb.o.QRC.z(QRC.java:237)
	at com.objectdb.o.QRC.y(QRC.java:188)
	at com.objectdb.o.QRM.U9(QRM.java:272)
	at com.objectdb.o.MST.U9(MST.java:988)
	at com.objectdb.o.WRA.U9(WRA.java:311)
	at com.objectdb.o.WSM.U9(WSM.java:115)
	at com.objectdb.o.STC.s(STC.java:464)
	at com.objectdb.o.SHN.aj(SHN.java:489)
	at com.objectdb.o.SHN.K(SHN.java:155)
	at com.objectdb.o.HND.run(HND.java:133)
	at java.lang.Thread.run(Thread.java:748)

[2017-10-31 16:38:45 #12 *] 
java.lang.NullPointerException
	at com.objectdb.o.VAR.S(VAR.java:297)
	at com.objectdb.o.VAR.R(VAR.java:259)
	at com.objectdb.o.VAR.aq(VAR.java:637)
	at com.objectdb.o.QNF.C(QNF.java:1102)
	at com.objectdb.o.QNF.C(QNF.java:996)
	at com.objectdb.o.QNF.z(QNF.java:788)
	at com.objectdb.o.QNF.k(QNF.java:257)
	at com.objectdb.o.QNF.q(QNF.java:517)
	at com.objectdb.o.QNF.k(QNF.java:188)
	at com.objectdb.o.QNF.j(QNF.java:134)
	at com.objectdb.o.QRC.D(QRC.java:348)
	at com.objectdb.o.QRC.z(QRC.java:237)
	at com.objectdb.o.QRC.y(QRC.java:188)
	at com.objectdb.o.QRM.U9(QRM.java:272)
	at com.objectdb.o.MST.U9(MST.java:988)
	at com.objectdb.o.WRA.U9(WRA.java:311)
	at com.objectdb.o.WSM.U9(WSM.java:115)
	at com.objectdb.o.STC.s(STC.java:464)
	at com.objectdb.o.SHN.aj(SHN.java:489)
	at com.objectdb.o.SHN.K(SHN.java:155)
	at com.objectdb.o.HND.run(HND.java:133)
	at java.lang.Thread.run(Thread.java:748)

[2017-10-31 16:38:46 #13 client] 
java.lang.NullPointerException
	at com.objectdb.o.VAR.S(VAR.java:297)
	at com.objectdb.o.VAR.R(VAR.java:259)
	at com.objectdb.o.VAR.aq(VAR.java:637)
	at com.objectdb.o.QNF.C(QNF.java:1102)
	at com.objectdb.o.QNF.C(QNF.java:996)
	at com.objectdb.o.QNF.z(QNF.java:788)
	at com.objectdb.o.QNF.k(QNF.java:257)
	at com.objectdb.o.QNF.q(QNF.java:517)
	at com.objectdb.o.QNF.k(QNF.java:188)
	at com.objectdb.o.QNF.j(QNF.java:134)
	at com.objectdb.o.QRC.D(QRC.java:348)
	at com.objectdb.o.QRC.z(QRC.java:237)
	at com.objectdb.o.QRC.y(QRC.java:188)
	at com.objectdb.o.QRM.U9(QRM.java:272)
	at com.objectdb.o.MST.U9(MST.java:988)
	at com.objectdb.o.WRA.U9(WRA.java:311)
	at com.objectdb.o.WSM.U9(WSM.java:115)
	at com.objectdb.o.STC.s(STC.java:464)
	at com.objectdb.o.SHN.aj(SHN.java:489)
	at com.objectdb.o.SHN.K(SHN.java:155)
	at com.objectdb.o.HND.run(HND.java:133)
	at java.lang.Thread.run(Thread.java:748)

[2017-10-31 16:38:46 #14 *] 
java.lang.NullPointerException
	at com.objectdb.o.VAR.S(VAR.java:297)
	at com.objectdb.o.VAR.R(VAR.java:259)
	at com.objectdb.o.VAR.aq(VAR.java:637)
	at com.objectdb.o.QNF.C(QNF.java:1102)
	at com.objectdb.o.QNF.C(QNF.java:996)
	at com.objectdb.o.QNF.z(QNF.java:788)
	at com.objectdb.o.QNF.k(QNF.java:257)
	at com.objectdb.o.QNF.q(QNF.java:517)
	at com.objectdb.o.QNF.k(QNF.java:188)
	at com.objectdb.o.QNF.j(QNF.java:134)
	at com.objectdb.o.QRC.D(QRC.java:348)
	at com.objectdb.o.QRC.z(QRC.java:237)
	at com.objectdb.o.QRC.y(QRC.java:188)
	at com.objectdb.o.QRM.U9(QRM.java:272)
	at com.objectdb.o.MST.U9(MST.java:988)
	at com.objectdb.o.WRA.U9(WRA.java:311)
	at com.objectdb.o.WSM.U9(WSM.java:115)
	at com.objectdb.o.STC.s(STC.java:464)
	at com.objectdb.o.SHN.aj(SHN.java:489)
	at com.objectdb.o.SHN.K(SHN.java:155)
	at com.objectdb.o.HND.run(HND.java:133)
	at java.lang.Thread.run(Thread.java:748)

[2017-10-31 16:38:47 #15 client] 
java.lang.NullPointerException
	at com.objectdb.o.VAR.S(VAR.java:297)
	at com.objectdb.o.VAR.R(VAR.java:259)
	at com.objectdb.o.VAR.aq(VAR.java:637)
	at com.objectdb.o.QNF.C(QNF.java:1102)
	at com.objectdb.o.QNF.C(QNF.java:996)
	at com.objectdb.o.QNF.z(QNF.java:788)
	at com.objectdb.o.QNF.k(QNF.java:257)
	at com.objectdb.o.QNF.q(QNF.java:517)
	at com.objectdb.o.QNF.k(QNF.java:188)
	at com.objectdb.o.QNF.j(QNF.java:134)
	at com.objectdb.o.QRC.D(QRC.java:348)
	at com.objectdb.o.QRC.z(QRC.java:237)
	at com.objectdb.o.QRC.y(QRC.java:188)
	at com.objectdb.o.QRM.U9(QRM.java:272)
	at com.objectdb.o.MST.U9(MST.java:988)
	at com.objectdb.o.WRA.U9(WRA.java:311)
	at com.objectdb.o.WSM.U9(WSM.java:115)
	at com.objectdb.o.STC.s(STC.java:464)
	at com.objectdb.o.SHN.aj(SHN.java:489)
	at com.objectdb.o.SHN.K(SHN.java:155)
	at com.objectdb.o.HND.run(HND.java:133)
	at java.lang.Thread.run(Thread.java:748)

[2017-10-31 16:38:47 #16 *] 
java.lang.NullPointerException
	at com.objectdb.o.VAR.S(VAR.java:297)
	at com.objectdb.o.VAR.R(VAR.java:259)
	at com.objectdb.o.VAR.aq(VAR.java:637)
	at com.objectdb.o.QNF.C(QNF.java:1102)
	at com.objectdb.o.QNF.C(QNF.java:996)
	at com.objectdb.o.QNF.z(QNF.java:788)
	at com.objectdb.o.QNF.k(QNF.java:257)
	at com.objectdb.o.QNF.q(QNF.java:517)
	at com.objectdb.o.QNF.k(QNF.java:188)
	at com.objectdb.o.QNF.j(QNF.java:134)
	at com.objectdb.o.QRC.D(QRC.java:348)
	at com.objectdb.o.QRC.z(QRC.java:237)
	at com.objectdb.o.QRC.y(QRC.java:188)
	at com.objectdb.o.QRM.U9(QRM.java:272)
	at com.objectdb.o.MST.U9(MST.java:988)
	at com.objectdb.o.WRA.U9(WRA.java:311)
	at com.objectdb.o.WSM.U9(WSM.java:115)
	at com.objectdb.o.STC.s(STC.java:464)
	at com.objectdb.o.SHN.aj(SHN.java:489)
	at com.objectdb.o.SHN.K(SHN.java:155)
	at com.objectdb.o.HND.run(HND.java:133)
	at java.lang.Thread.run(Thread.java:748)

[2017-10-31 16:38:47 #17 client] 
java.lang.NullPointerException
	at com.objectdb.o.VAR.S(VAR.java:297)
	at com.objectdb.o.VAR.R(VAR.java:259)
	at com.objectdb.o.VAR.aq(VAR.java:637)
	at com.objectdb.o.QNF.C(QNF.java:1102)
	at com.objectdb.o.QNF.C(QNF.java:996)
	at com.objectdb.o.QNF.z(QNF.java:788)
	at com.objectdb.o.QNF.k(QNF.java:257)
	at com.objectdb.o.QNF.q(QNF.java:517)
	at com.objectdb.o.QNF.k(QNF.java:188)
	at com.objectdb.o.QNF.j(QNF.java:134)
	at com.objectdb.o.QRC.D(QRC.java:348)
	at com.objectdb.o.QRC.z(QRC.java:237)
	at com.objectdb.o.QRC.y(QRC.java:188)
	at com.objectdb.o.QRM.U9(QRM.java:272)
	at com.objectdb.o.MST.U9(MST.java:988)
	at com.objectdb.o.WRA.U9(WRA.java:311)
	at com.objectdb.o.WSM.U9(WSM.java:115)
	at com.objectdb.o.STC.s(STC.java:464)
	at com.objectdb.o.SHN.aj(SHN.java:489)
	at com.objectdb.o.SHN.K(SHN.java:155)
	at com.objectdb.o.HND.run(HND.java:133)
	at java.lang.Thread.run(Thread.java:748)

[2017-10-31 16:38:47 #18 *] 
java.lang.NullPointerException
	at com.objectdb.o.VAR.S(VAR.java:297)
	at com.objectdb.o.VAR.R(VAR.java:259)
	at com.objectdb.o.VAR.aq(VAR.java:637)
	at com.objectdb.o.QNF.C(QNF.java:1102)
	at com.objectdb.o.QNF.C(QNF.java:996)
	at com.objectdb.o.QNF.z(QNF.java:788)
	at com.objectdb.o.QNF.k(QNF.java:257)
	at com.objectdb.o.QNF.q(QNF.java:517)
	at com.objectdb.o.QNF.k(QNF.java:188)
	at com.objectdb.o.QNF.j(QNF.java:134)
	at com.objectdb.o.QRC.D(QRC.java:348)
	at com.objectdb.o.QRC.z(QRC.java:237)
	at com.objectdb.o.QRC.y(QRC.java:188)
	at com.objectdb.o.QRM.U9(QRM.java:272)
	at com.objectdb.o.MST.U9(MST.java:988)
	at com.objectdb.o.WRA.U9(WRA.java:311)
	at com.objectdb.o.WSM.U9(WSM.java:115)
	at com.objectdb.o.STC.s(STC.java:464)
	at com.objectdb.o.SHN.aj(SHN.java:489)
	at com.objectdb.o.SHN.K(SHN.java:155)
	at com.objectdb.o.HND.run(HND.java:133)
	at java.lang.Thread.run(Thread.java:748)

------------------------------------------------------------------------------------------------------------------------

[2017-10-31 16:39:29 #1 type] 
Type tp4.Proces is not enhanced.

[2017-10-31 16:39:29 #2 type] 
Type tp4.Partie is not enhanced.

[2017-10-31 16:39:29 #3 type] 
Type tp4.Juge is not enhanced.

[2017-10-31 16:39:29 #4 type] 
Type tp4.Avocat is not enhanced.

[2017-10-31 16:39:29 #5 type] 
Type tp4.Seance is not enhanced.

[2017-10-31 16:39:29 #6 type] 
Type tp4.Jury is not enhanced.

[2017-10-31 16:39:30 #7 client] 
java.lang.NullPointerException
	at com.objectdb.o.VAR.S(VAR.java:297)
	at com.objectdb.o.VAR.R(VAR.java:259)
	at com.objectdb.o.VAR.aq(VAR.java:637)
	at com.objectdb.o.QNF.C(QNF.java:1102)
	at com.objectdb.o.QNF.C(QNF.java:996)
	at com.objectdb.o.QNF.z(QNF.java:788)
	at com.objectdb.o.QNF.k(QNF.java:257)
	at com.objectdb.o.QNF.q(QNF.java:517)
	at com.objectdb.o.QNF.k(QNF.java:188)
	at com.objectdb.o.QNF.j(QNF.java:134)
	at com.objectdb.o.QRC.D(QRC.java:348)
	at com.objectdb.o.QRC.z(QRC.java:237)
	at com.objectdb.o.QRC.y(QRC.java:188)
	at com.objectdb.o.QRM.U9(QRM.java:272)
	at com.objectdb.o.MST.U9(MST.java:988)
	at com.objectdb.o.WRA.U9(WRA.java:311)
	at com.objectdb.o.WSM.U9(WSM.java:115)
	at com.objectdb.o.STC.s(STC.java:464)
	at com.objectdb.o.SHN.aj(SHN.java:489)
	at com.objectdb.o.SHN.K(SHN.java:155)
	at com.objectdb.o.HND.run(HND.java:133)
	at java.lang.Thread.run(Thread.java:748)

[2017-10-31 16:39:30 #8 *] 
java.lang.NullPointerException
	at com.objectdb.o.VAR.S(VAR.java:297)
	at com.objectdb.o.VAR.R(VAR.java:259)
	at com.objectdb.o.VAR.aq(VAR.java:637)
	at com.objectdb.o.QNF.C(QNF.java:1102)
	at com.objectdb.o.QNF.C(QNF.java:996)
	at com.objectdb.o.QNF.z(QNF.java:788)
	at com.objectdb.o.QNF.k(QNF.java:257)
	at com.objectdb.o.QNF.q(QNF.java:517)
	at com.objectdb.o.QNF.k(QNF.java:188)
	at com.objectdb.o.QNF.j(QNF.java:134)
	at com.objectdb.o.QRC.D(QRC.java:348)
	at com.objectdb.o.QRC.z(QRC.java:237)
	at com.objectdb.o.QRC.y(QRC.java:188)
	at com.objectdb.o.QRM.U9(QRM.java:272)
	at com.objectdb.o.MST.U9(MST.java:988)
	at com.objectdb.o.WRA.U9(WRA.java:311)
	at com.objectdb.o.WSM.U9(WSM.java:115)
	at com.objectdb.o.STC.s(STC.java:464)
	at com.objectdb.o.SHN.aj(SHN.java:489)
	at com.objectdb.o.SHN.K(SHN.java:155)
	at com.objectdb.o.HND.run(HND.java:133)
	at java.lang.Thread.run(Thread.java:748)

[2017-10-31 16:39:30 #9 client] 
java.lang.NullPointerException
	at com.objectdb.o.VAR.S(VAR.java:297)
	at com.objectdb.o.VAR.R(VAR.java:259)
	at com.objectdb.o.VAR.aq(VAR.java:637)
	at com.objectdb.o.QNF.C(QNF.java:1102)
	at com.objectdb.o.QNF.C(QNF.java:996)
	at com.objectdb.o.QNF.z(QNF.java:788)
	at com.objectdb.o.QNF.k(QNF.java:257)
	at com.objectdb.o.QNF.q(QNF.java:517)
	at com.objectdb.o.QNF.k(QNF.java:188)
	at com.objectdb.o.QNF.j(QNF.java:134)
	at com.objectdb.o.QRC.D(QRC.java:348)
	at com.objectdb.o.QRC.z(QRC.java:237)
	at com.objectdb.o.QRC.y(QRC.java:188)
	at com.objectdb.o.QRM.U9(QRM.java:272)
	at com.objectdb.o.MST.U9(MST.java:988)
	at com.objectdb.o.WRA.U9(WRA.java:311)
	at com.objectdb.o.WSM.U9(WSM.java:115)
	at com.objectdb.o.STC.s(STC.java:464)
	at com.objectdb.o.SHN.aj(SHN.java:489)
	at com.objectdb.o.SHN.K(SHN.java:155)
	at com.objectdb.o.HND.run(HND.java:133)
	at java.lang.Thread.run(Thread.java:748)

[2017-10-31 16:39:30 #10 *] 
java.lang.NullPointerException
	at com.objectdb.o.VAR.S(VAR.java:297)
	at com.objectdb.o.VAR.R(VAR.java:259)
	at com.objectdb.o.VAR.aq(VAR.java:637)
	at com.objectdb.o.QNF.C(QNF.java:1102)
	at com.objectdb.o.QNF.C(QNF.java:996)
	at com.objectdb.o.QNF.z(QNF.java:788)
	at com.objectdb.o.QNF.k(QNF.java:257)
	at com.objectdb.o.QNF.q(QNF.java:517)
	at com.objectdb.o.QNF.k(QNF.java:188)
	at com.objectdb.o.QNF.j(QNF.java:134)
	at com.objectdb.o.QRC.D(QRC.java:348)
	at com.objectdb.o.QRC.z(QRC.java:237)
	at com.objectdb.o.QRC.y(QRC.java:188)
	at com.objectdb.o.QRM.U9(QRM.java:272)
	at com.objectdb.o.MST.U9(MST.java:988)
	at com.objectdb.o.WRA.U9(WRA.java:311)
	at com.objectdb.o.WSM.U9(WSM.java:115)
	at com.objectdb.o.STC.s(STC.java:464)
	at com.objectdb.o.SHN.aj(SHN.java:489)
	at com.objectdb.o.SHN.K(SHN.java:155)
	at com.objectdb.o.HND.run(HND.java:133)
	at java.lang.Thread.run(Thread.java:748)

------------------------------------------------------------------------------------------------------------------------

[2017-10-31 16:40:57 #1 type] 
Type tp4.Proces is not enhanced.

[2017-10-31 16:40:57 #2 type] 
Type tp4.Partie is not enhanced.

[2017-10-31 16:40:57 #3 type] 
Type tp4.Juge is not enhanced.

[2017-10-31 16:40:57 #4 type] 
Type tp4.Avocat is not enhanced.

[2017-10-31 16:40:57 #5 type] 
Type tp4.Seance is not enhanced.

[2017-10-31 16:40:57 #6 type] 
Type tp4.Jury is not enhanced.

[2017-10-31 16:40:58 #7 client] 
java.lang.NullPointerException
	at com.objectdb.o.VAR.S(VAR.java:297)
	at com.objectdb.o.VAR.R(VAR.java:259)
	at com.objectdb.o.VAR.aq(VAR.java:637)
	at com.objectdb.o.QNF.C(QNF.java:1102)
	at com.objectdb.o.QNF.C(QNF.java:996)
	at com.objectdb.o.QNF.z(QNF.java:788)
	at com.objectdb.o.QNF.k(QNF.java:257)
	at com.objectdb.o.QNF.q(QNF.java:517)
	at com.objectdb.o.QNF.k(QNF.java:188)
	at com.objectdb.o.QNF.j(QNF.java:134)
	at com.objectdb.o.QRC.D(QRC.java:348)
	at com.objectdb.o.QRC.z(QRC.java:237)
	at com.objectdb.o.QRC.y(QRC.java:188)
	at com.objectdb.o.QRM.U9(QRM.java:272)
	at com.objectdb.o.MST.U9(MST.java:988)
	at com.objectdb.o.WRA.U9(WRA.java:311)
	at com.objectdb.o.WSM.U9(WSM.java:115)
	at com.objectdb.o.STC.s(STC.java:464)
	at com.objectdb.o.SHN.aj(SHN.java:489)
	at com.objectdb.o.SHN.K(SHN.java:155)
	at com.objectdb.o.HND.run(HND.java:133)
	at java.lang.Thread.run(Thread.java:748)

[2017-10-31 16:40:58 #8 *] 
java.lang.NullPointerException
	at com.objectdb.o.VAR.S(VAR.java:297)
	at com.objectdb.o.VAR.R(VAR.java:259)
	at com.objectdb.o.VAR.aq(VAR.java:637)
	at com.objectdb.o.QNF.C(QNF.java:1102)
	at com.objectdb.o.QNF.C(QNF.java:996)
	at com.objectdb.o.QNF.z(QNF.java:788)
	at com.objectdb.o.QNF.k(QNF.java:257)
	at com.objectdb.o.QNF.q(QNF.java:517)
	at com.objectdb.o.QNF.k(QNF.java:188)
	at com.objectdb.o.QNF.j(QNF.java:134)
	at com.objectdb.o.QRC.D(QRC.java:348)
	at com.objectdb.o.QRC.z(QRC.java:237)
	at com.objectdb.o.QRC.y(QRC.java:188)
	at com.objectdb.o.QRM.U9(QRM.java:272)
	at com.objectdb.o.MST.U9(MST.java:988)
	at com.objectdb.o.WRA.U9(WRA.java:311)
	at com.objectdb.o.WSM.U9(WSM.java:115)
	at com.objectdb.o.STC.s(STC.java:464)
	at com.objectdb.o.SHN.aj(SHN.java:489)
	at com.objectdb.o.SHN.K(SHN.java:155)
	at com.objectdb.o.HND.run(HND.java:133)
	at java.lang.Thread.run(Thread.java:748)

[2017-10-31 16:40:58 #9 client] 
java.lang.NullPointerException
	at com.objectdb.o.VAR.S(VAR.java:297)
	at com.objectdb.o.VAR.R(VAR.java:259)
	at com.objectdb.o.VAR.aq(VAR.java:637)
	at com.objectdb.o.QNF.C(QNF.java:1102)
	at com.objectdb.o.QNF.C(QNF.java:996)
	at com.objectdb.o.QNF.z(QNF.java:788)
	at com.objectdb.o.QNF.k(QNF.java:257)
	at com.objectdb.o.QNF.q(QNF.java:517)
	at com.objectdb.o.QNF.k(QNF.java:188)
	at com.objectdb.o.QNF.j(QNF.java:134)
	at com.objectdb.o.QRC.D(QRC.java:348)
	at com.objectdb.o.QRC.z(QRC.java:237)
	at com.objectdb.o.QRC.y(QRC.java:188)
	at com.objectdb.o.QRM.U9(QRM.java:272)
	at com.objectdb.o.MST.U9(MST.java:988)
	at com.objectdb.o.WRA.U9(WRA.java:311)
	at com.objectdb.o.WSM.U9(WSM.java:115)
	at com.objectdb.o.STC.s(STC.java:464)
	at com.objectdb.o.SHN.aj(SHN.java:489)
	at com.objectdb.o.SHN.K(SHN.java:155)
	at com.objectdb.o.HND.run(HND.java:133)
	at java.lang.Thread.run(Thread.java:748)

[2017-10-31 16:40:58 #10 *] 
java.lang.NullPointerException
	at com.objectdb.o.VAR.S(VAR.java:297)
	at com.objectdb.o.VAR.R(VAR.java:259)
	at com.objectdb.o.VAR.aq(VAR.java:637)
	at com.objectdb.o.QNF.C(QNF.java:1102)
	at com.objectdb.o.QNF.C(QNF.java:996)
	at com.objectdb.o.QNF.z(QNF.java:788)
	at com.objectdb.o.QNF.k(QNF.java:257)
	at com.objectdb.o.QNF.q(QNF.java:517)
	at com.objectdb.o.QNF.k(QNF.java:188)
	at com.objectdb.o.QNF.j(QNF.java:134)
	at com.objectdb.o.QRC.D(QRC.java:348)
	at com.objectdb.o.QRC.z(QRC.java:237)
	at com.objectdb.o.QRC.y(QRC.java:188)
	at com.objectdb.o.QRM.U9(QRM.java:272)
	at com.objectdb.o.MST.U9(MST.java:988)
	at com.objectdb.o.WRA.U9(WRA.java:311)
	at com.objectdb.o.WSM.U9(WSM.java:115)
	at com.objectdb.o.STC.s(STC.java:464)
	at com.objectdb.o.SHN.aj(SHN.java:489)
	at com.objectdb.o.SHN.K(SHN.java:155)
	at com.objectdb.o.HND.run(HND.java:133)
	at java.lang.Thread.run(Thread.java:748)

------------------------------------------------------------------------------------------------------------------------

[2017-10-31 16:41:36 #1 type] 
Type tp4.Proces is not enhanced.

[2017-10-31 16:41:36 #2 type] 
Type tp4.Partie is not enhanced.

[2017-10-31 16:41:36 #3 type] 
Type tp4.Juge is not enhanced.

[2017-10-31 16:41:36 #4 type] 
Type tp4.Avocat is not enhanced.

[2017-10-31 16:41:36 #5 type] 
Type tp4.Seance is not enhanced.

[2017-10-31 16:41:36 #6 type] 
Type tp4.Jury is not enhanced.

------------------------------------------------------------------------------------------------------------------------

[2017-10-31 16:42:07 #1 type] 
Type tp4.Proces is not enhanced.

[2017-10-31 16:42:07 #2 type] 
Type tp4.Partie is not enhanced.

[2017-10-31 16:42:07 #3 type] 
Type tp4.Juge is not enhanced.

[2017-10-31 16:42:07 #4 type] 
Type tp4.Avocat is not enhanced.

[2017-10-31 16:42:07 #5 type] 
Type tp4.Seance is not enhanced.

[2017-10-31 16:42:07 #6 type] 
Type tp4.Jury is not enhanced.

------------------------------------------------------------------------------------------------------------------------

[2017-10-31 16:42:51 #1 type] 
Type tp4.Proces is not enhanced.

[2017-10-31 16:42:51 #2 type] 
Type tp4.Partie is not enhanced.

[2017-10-31 16:42:51 #3 type] 
Type tp4.Juge is not enhanced.

[2017-10-31 16:42:51 #4 type] 
Type tp4.Avocat is not enhanced.

[2017-10-31 16:42:51 #5 type] 
Type tp4.Seance is not enhanced.

[2017-10-31 16:42:51 #6 type] 
Type tp4.Jury is not enhanced.

------------------------------------------------------------------------------------------------------------------------

[2017-10-31 16:42:58 #1 type] 
Type tp4.Proces is not enhanced.

[2017-10-31 16:42:58 #2 type] 
Type tp4.Partie is not enhanced.

[2017-10-31 16:42:58 #3 type] 
Type tp4.Juge is not enhanced.

[2017-10-31 16:42:58 #4 type] 
Type tp4.Avocat is not enhanced.

[2017-10-31 16:42:58 #5 type] 
Type tp4.Seance is not enhanced.

[2017-10-31 16:42:59 #6 type] 
Type tp4.Jury is not enhanced.

------------------------------------------------------------------------------------------------------------------------

[2017-10-31 16:43:03 #1 type] 
Type tp4.Proces is not enhanced.

[2017-10-31 16:43:03 #2 type] 
Type tp4.Partie is not enhanced.

[2017-10-31 16:43:03 #3 type] 
Type tp4.Juge is not enhanced.

[2017-10-31 16:43:03 #4 type] 
Type tp4.Avocat is not enhanced.

[2017-10-31 16:43:03 #5 type] 
Type tp4.Seance is not enhanced.

[2017-10-31 16:43:03 #6 type] 
Type tp4.Jury is not enhanced.

------------------------------------------------------------------------------------------------------------------------

[2017-10-31 16:43:38 #1 type] 
Type tp4.Proces is not enhanced.

[2017-10-31 16:43:38 #2 type] 
Type tp4.Partie is not enhanced.

[2017-10-31 16:43:38 #3 type] 
Type tp4.Juge is not enhanced.

[2017-10-31 16:43:38 #4 type] 
Type tp4.Avocat is not enhanced.

[2017-10-31 16:43:38 #5 type] 
Type tp4.Seance is not enhanced.

[2017-10-31 16:43:38 #6 type] 
Type tp4.Jury is not enhanced.

------------------------------------------------------------------------------------------------------------------------

[2017-10-31 16:44:12 #1 type] 
Type tp4.Proces is not enhanced.

[2017-10-31 16:44:12 #2 type] 
Type tp4.Partie is not enhanced.

[2017-10-31 16:44:12 #3 type] 
Type tp4.Juge is not enhanced.

[2017-10-31 16:44:12 #4 type] 
Type tp4.Avocat is not enhanced.

[2017-10-31 16:44:12 #5 type] 
Type tp4.Seance is not enhanced.

[2017-10-31 16:44:12 #6 type] 
Type tp4.Jury is not enhanced.

------------------------------------------------------------------------------------------------------------------------

[2017-10-31 16:44:29 #1 type] 
Type tp4.Proces is not enhanced.

[2017-10-31 16:44:29 #2 type] 
Type tp4.Partie is not enhanced.

[2017-10-31 16:44:29 #3 type] 
Type tp4.Juge is not enhanced.

[2017-10-31 16:44:29 #4 type] 
Type tp4.Avocat is not enhanced.

[2017-10-31 16:44:29 #5 type] 
Type tp4.Seance is not enhanced.

[2017-10-31 16:44:29 #6 type] 
Type tp4.Jury is not enhanced.

------------------------------------------------------------------------------------------------------------------------

[2017-10-31 16:45:09 #1 type] 
Type tp4.Proces is not enhanced.

[2017-10-31 16:45:09 #2 type] 
Type tp4.Partie is not enhanced.

[2017-10-31 16:45:09 #3 type] 
Type tp4.Juge is not enhanced.

[2017-10-31 16:45:09 #4 type] 
Type tp4.Avocat is not enhanced.

[2017-10-31 16:45:09 #5 type] 
Type tp4.Seance is not enhanced.

[2017-10-31 16:45:09 #6 type] 
Type tp4.Jury is not enhanced.

------------------------------------------------------------------------------------------------------------------------

[2017-10-31 16:46:23 #1 type] 
Type tp4.Proces is not enhanced.

[2017-10-31 16:46:23 #2 type] 
Type tp4.Partie is not enhanced.

[2017-10-31 16:46:23 #3 type] 
Type tp4.Juge is not enhanced.

[2017-10-31 16:46:23 #4 type] 
Type tp4.Avocat is not enhanced.

[2017-10-31 16:46:23 #5 type] 
Type tp4.Seance is not enhanced.

[2017-10-31 16:46:23 #6 type] 
Type tp4.Jury is not enhanced.

------------------------------------------------------------------------------------------------------------------------

[2017-10-31 16:49:53 #1 type] 
Type tp4.Proces is not enhanced.

[2017-10-31 16:49:53 #2 type] 
Type tp4.Partie is not enhanced.

[2017-10-31 16:49:53 #3 type] 
Type tp4.Juge is not enhanced.

[2017-10-31 16:49:53 #4 type] 
Type tp4.Avocat is not enhanced.

[2017-10-31 16:49:53 #5 type] 
Type tp4.Seance is not enhanced.

[2017-10-31 16:49:53 #6 type] 
Type tp4.Jury is not enhanced.

------------------------------------------------------------------------------------------------------------------------

[2017-10-31 16:51:18 #1 type] 
Type tp4.Proces is not enhanced.

[2017-10-31 16:51:18 #2 type] 
Type tp4.Partie is not enhanced.

[2017-10-31 16:51:18 #3 type] 
Type tp4.Juge is not enhanced.

[2017-10-31 16:51:18 #4 type] 
Type tp4.Avocat is not enhanced.

[2017-10-31 16:51:18 #5 type] 
Type tp4.Seance is not enhanced.

[2017-10-31 16:51:18 #6 type] 
Type tp4.Jury is not enhanced.

------------------------------------------------------------------------------------------------------------------------

[2017-10-31 16:51:50 #1 type] 
Type tp4.Proces is not enhanced.

[2017-10-31 16:51:50 #2 type] 
Type tp4.Partie is not enhanced.

[2017-10-31 16:51:50 #3 type] 
Type tp4.Juge is not enhanced.

[2017-10-31 16:51:50 #4 type] 
Type tp4.Avocat is not enhanced.

[2017-10-31 16:51:50 #5 type] 
Type tp4.Seance is not enhanced.

[2017-10-31 16:51:50 #6 type] 
Type tp4.Jury is not enhanced.

------------------------------------------------------------------------------------------------------------------------

[2017-10-31 16:52:03 #1 type] 
Type tp4.Proces is not enhanced.

[2017-10-31 16:52:03 #2 type] 
Type tp4.Partie is not enhanced.

[2017-10-31 16:52:03 #3 type] 
Type tp4.Juge is not enhanced.

[2017-10-31 16:52:03 #4 type] 
Type tp4.Avocat is not enhanced.

[2017-10-31 16:52:03 #5 type] 
Type tp4.Seance is not enhanced.

[2017-10-31 16:52:03 #6 type] 
Type tp4.Jury is not enhanced.

------------------------------------------------------------------------------------------------------------------------

[2017-10-31 16:52:49 #1 type] 
Type tp4.Proces is not enhanced.

[2017-10-31 16:52:49 #2 type] 
Type tp4.Partie is not enhanced.

[2017-10-31 16:52:49 #3 type] 
Type tp4.Juge is not enhanced.

[2017-10-31 16:52:49 #4 type] 
Type tp4.Avocat is not enhanced.

[2017-10-31 16:52:49 #5 type] 
Type tp4.Seance is not enhanced.

[2017-10-31 16:52:49 #6 type] 
Type tp4.Jury is not enhanced.

------------------------------------------------------------------------------------------------------------------------

[2017-10-31 16:54:31 #1 type] 
Type tp4.Proces is not enhanced.

[2017-10-31 16:54:31 #2 type] 
Type tp4.Partie is not enhanced.

[2017-10-31 16:54:31 #3 type] 
Type tp4.Juge is not enhanced.

[2017-10-31 16:54:31 #4 type] 
Type tp4.Avocat is not enhanced.

[2017-10-31 16:54:31 #5 type] 
Type tp4.Seance is not enhanced.

[2017-10-31 16:54:31 #6 type] 
Type tp4.Jury is not enhanced.

------------------------------------------------------------------------------------------------------------------------

[2017-10-31 16:55:15 #1 type] 
Type tp4.Proces is not enhanced.

[2017-10-31 16:55:15 #2 type] 
Type tp4.Partie is not enhanced.

[2017-10-31 16:55:15 #3 type] 
Type tp4.Juge is not enhanced.

[2017-10-31 16:55:15 #4 type] 
Type tp4.Avocat is not enhanced.

[2017-10-31 16:55:15 #5 type] 
Type tp4.Seance is not enhanced.

[2017-10-31 16:55:15 #6 type] 
Type tp4.Jury is not enhanced.

------------------------------------------------------------------------------------------------------------------------

[2017-10-31 16:57:09 #1 type] 
Type tp4.Proces is not enhanced.

[2017-10-31 16:57:09 #2 type] 
Type tp4.Partie is not enhanced.

[2017-10-31 16:57:09 #3 type] 
Type tp4.Juge is not enhanced.

[2017-10-31 16:57:09 #4 type] 
Type tp4.Avocat is not enhanced.

[2017-10-31 16:57:09 #5 type] 
Type tp4.Seance is not enhanced.

[2017-10-31 16:57:09 #6 type] 
Type tp4.Jury is not enhanced.

------------------------------------------------------------------------------------------------------------------------

[2017-10-31 16:57:43 #1 type] 
Type tp4.Proces is not enhanced.

[2017-10-31 16:57:43 #2 type] 
Type tp4.Partie is not enhanced.

[2017-10-31 16:57:43 #3 type] 
Type tp4.Juge is not enhanced.

[2017-10-31 16:57:43 #4 type] 
Type tp4.Avocat is not enhanced.

[2017-10-31 16:57:43 #5 type] 
Type tp4.Seance is not enhanced.

[2017-10-31 16:57:43 #6 type] 
Type tp4.Jury is not enhanced.

